# JRE version: Java(TM) SE Runtime Environment (8.0_291-b10) (build 1.8.0_291-b10)
# Java VM: Java HotSpot(TM) 64-Bit Server VM (25.291-b10 mixed mode windows-amd64 compressed oops)
Heap:
 PSYoungGen      total 5168640K, used 384K [0x0000000557000000, 0x0000000699200000, 0x00000007c0000000)
  eden space 5072896K, 0% used [0x0000000557000000,0x0000000557000000,0x000000068ca00000)
  from space 95744K, 0% used [0x0000000693480000,0x00000006934e0000,0x0000000699200000)
  to   space 102400K, 0% used [0x000000068ca00000,0x000000068ca00000,0x0000000692e00000)
 ParOldGen       total 1259520K, used 621236K [0x0000000085000000, 0x00000000d1e00000, 0x0000000557000000)
  object space 1259520K, 49% used [0x0000000085000000,0x00000000aaead200,0x00000000d1e00000)
 Metaspace       used 46523K, capacity 48254K, committed 48512K, reserved 1091584K
  class space    used 6003K, capacity 6257K, committed 6272K, reserved 1048576K
GC Heap History (10 events):
Event: 368.767 GC heap after
Heap after GC invocations=45 (full 11):
 PSYoungGen      total 5181440K, used 384K [0x0000000557000000, 0x000000069ac00000, 0x00000007c0000000)
  eden space 5072896K, 0% used [0x0000000557000000,0x0000000557000000,0x000000068ca00000)
  from space 108544K, 0% used [0x0000000694200000,0x0000000694260000,0x000000069ac00000)
  to   space 115712K, 0% used [0x000000068ca00000,0x000000068ca00000,0x0000000693b00000)
 ParOldGen       total 1259520K, used 621165K [0x0000000085000000, 0x00000000d1e00000, 0x0000000557000000)
  object space 1259520K, 49% used [0x0000000085000000,0x00000000aae9b448,0x00000000d1e00000)
 Metaspace       used 46509K, capacity 48254K, committed 48512K, reserved 1091584K
  class space    used 6003K, capacity 6257K, committed 6272K, reserved 1048576K
}
Event: 368.767 GC heap before
{Heap before GC invocations=46 (full 12):
 PSYoungGen      total 5181440K, used 384K [0x0000000557000000, 0x000000069ac00000, 0x00000007c0000000)
  eden space 5072896K, 0% used [0x0000000557000000,0x0000000557000000,0x000000068ca00000)
  from space 108544K, 0% used [0x0000000694200000,0x0000000694260000,0x000000069ac00000)
  to   space 115712K, 0% used [0x000000068ca00000,0x000000068ca00000,0x0000000693b00000)
 ParOldGen       total 1259520K, used 621165K [0x0000000085000000, 0x00000000d1e00000, 0x0000000557000000)
  object space 1259520K, 49% used [0x0000000085000000,0x00000000aae9b448,0x00000000d1e00000)
 Metaspace       used 46509K, capacity 48254K, committed 48512K, reserved 1091584K
  class space    used 6003K, capacity 6257K, committed 6272K, reserved 1048576K
Event: 369.556 GC heap after
Heap after GC invocations=46 (full 12):
 PSYoungGen      total 5181440K, used 0K [0x0000000557000000, 0x000000069ac00000, 0x00000007c0000000)
  eden space 5072896K, 0% used [0x0000000557000000,0x0000000557000000,0x000000068ca00000)
  from space 108544K, 0% used [0x0000000694200000,0x0000000694200000,0x000000069ac00000)
  to   space 115712K, 0% used [0x000000068ca00000,0x000000068ca00000,0x0000000693b00000)
 ParOldGen       total 1259520K, used 621164K [0x0000000085000000, 0x00000000d1e00000, 0x0000000557000000)
  object space 1259520K, 49% used [0x0000000085000000,0x00000000aae9b088,0x00000000d1e00000)
 Metaspace       used 46509K, capacity 48254K, committed 48512K, reserved 1091584K
  class space    used 6003K, capacity 6257K, committed 6272K, reserved 1048576K
}
Event: 374.570 GC heap before
{Heap before GC invocations=47 (full 12):
 PSYoungGen      total 5181440K, used 97613K [0x0000000557000000, 0x000000069ac00000, 0x00000007c0000000)
  eden space 5072896K, 1% used [0x0000000557000000,0x000000055cf53770,0x000000068ca00000)
  from space 108544K, 0% used [0x0000000694200000,0x0000000694200000,0x000000069ac00000)
  to   space 115712K, 0% used [0x000000068ca00000,0x000000068ca00000,0x0000000693b00000)
 ParOldGen       total 1259520K, used 621164K [0x0000000085000000, 0x00000000d1e00000, 0x0000000557000000)
  object space 1259520K, 49% used [0x0000000085000000,0x00000000aae9b088,0x00000000d1e00000)
 Metaspace       used 46523K, capacity 48254K, committed 48512K, reserved 1091584K
  class space    used 6003K, capacity 6257K, committed 6272K, reserved 1048576K
Event: 374.571 GC heap after
Heap after GC invocations=47 (full 12):
 PSYoungGen      total 5073408K, used 416K [0x0000000557000000, 0x0000000699f00000, 0x00000007c0000000)
  eden space 5072896K, 0% used [0x0000000557000000,0x0000000557000000,0x000000068ca00000)
  from space 512K, 81% used [0x000000068ca00000,0x000000068ca68000,0x000000068ca80000)
  to   space 109056K, 0% used [0x0000000693480000,0x0000000693480000,0x0000000699f00000)
 ParOldGen       total 1259520K, used 621164K [0x0000000085000000, 0x00000000d1e00000, 0x0000000557000000)
  object space 1259520K, 49% used [0x0000000085000000,0x00000000aae9b088,0x00000000d1e00000)
 Metaspace       used 46523K, capacity 48254K, committed 48512K, reserved 1091584K
  class space    used 6003K, capacity 6257K, committed 6272K, reserved 1048576K
}
Event: 374.571 GC heap before
{Heap before GC invocations=48 (full 13):
 PSYoungGen      total 5073408K, used 416K [0x0000000557000000, 0x0000000699f00000, 0x00000007c0000000)
  eden space 5072896K, 0% used [0x0000000557000000,0x0000000557000000,0x000000068ca00000)
  from space 512K, 81% used [0x000000068ca00000,0x000000068ca68000,0x000000068ca80000)
  to   space 109056K, 0% used [0x0000000693480000,0x0000000693480000,0x0000000699f00000)
 ParOldGen       total 1259520K, used 621164K [0x0000000085000000, 0x00000000d1e00000, 0x0000000557000000)
  object space 1259520K, 49% used [0x0000000085000000,0x00000000aae9b088,0x00000000d1e00000)
 Metaspace       used 46523K, capacity 48254K, committed 48512K, reserved 1091584K
  class space    used 6003K, capacity 6257K, committed 6272K, reserved 1048576K
Event: 375.358 GC heap after
Heap after GC invocations=48 (full 13):
 PSYoungGen      total 5073408K, used 0K [0x0000000557000000, 0x0000000699f00000, 0x00000007c0000000)
  eden space 5072896K, 0% used [0x0000000557000000,0x0000000557000000,0x000000068ca00000)
  from space 512K, 0% used [0x000000068ca00000,0x000000068ca00000,0x000000068ca80000)
  to   space 109056K, 0% used [0x0000000693480000,0x0000000693480000,0x0000000699f00000)
 ParOldGen       total 1259520K, used 621236K [0x0000000085000000, 0x00000000d1e00000, 0x0000000557000000)
  object space 1259520K, 49% used [0x0000000085000000,0x00000000aaead200,0x00000000d1e00000)
 Metaspace       used 46523K, capacity 48254K, committed 48512K, reserved 1091584K
  class space    used 6003K, capacity 6257K, committed 6272K, reserved 1048576K
}
Event: 380.359 GC heap before
{Heap before GC invocations=49 (full 13):
 PSYoungGen      total 5073408K, used 175528K [0x0000000557000000, 0x0000000699f00000, 0x00000007c0000000)
  eden space 5072896K, 3% used [0x0000000557000000,0x0000000561b6a330,0x000000068ca00000)
  from space 512K, 0% used [0x000000068ca00000,0x000000068ca00000,0x000000068ca80000)
  to   space 109056K, 0% used [0x0000000693480000,0x0000000693480000,0x0000000699f00000)
 ParOldGen       total 1259520K, used 621236K [0x0000000085000000, 0x00000000d1e00000, 0x0000000557000000)
  object space 1259520K, 49% used [0x0000000085000000,0x00000000aaead200,0x00000000d1e00000)
 Metaspace       used 46523K, capacity 48254K, committed 48512K, reserved 1091584K
  class space    used 6003K, capacity 6257K, committed 6272K, reserved 1048576K
Event: 380.361 GC heap after
Heap after GC invocations=49 (full 13):
 PSYoungGen      total 5168640K, used 384K [0x0000000557000000, 0x0000000699200000, 0x00000007c0000000)
  eden space 5072896K, 0% used [0x0000000557000000,0x0000000557000000,0x000000068ca00000)
  from space 95744K, 0% used [0x0000000693480000,0x00000006934e0000,0x0000000699200000)
  to   space 102400K, 0% used [0x000000068ca00000,0x000000068ca00000,0x0000000692e00000)
 ParOldGen       total 1259520K, used 621236K [0x0000000085000000, 0x00000000d1e00000, 0x0000000557000000)
  object space 1259520K, 49% used [0x0000000085000000,0x00000000aaead200,0x00000000d1e00000)
 Metaspace       used 46523K, capacity 48254K, committed 48512K, reserved 1091584K
  class space    used 6003K, capacity 6257K, committed 6272K, reserved 1048576K
}
Event: 380.361 GC heap before
{Heap before GC invocations=50 (full 14):
 PSYoungGen      total 5168640K, used 384K [0x0000000557000000, 0x0000000699200000, 0x00000007c0000000)
  eden space 5072896K, 0% used [0x0000000557000000,0x0000000557000000,0x000000068ca00000)
  from space 95744K, 0% used [0x0000000693480000,0x00000006934e0000,0x0000000699200000)
  to   space 102400K, 0% used [0x000000068ca00000,0x000000068ca00000,0x0000000692e00000)
 ParOldGen       total 1259520K, used 621236K [0x0000000085000000, 0x00000000d1e00000, 0x0000000557000000)
  object space 1259520K, 49% used [0x0000000085000000,0x00000000aaead200,0x00000000d1e00000)
 Metaspace       used 46523K, capacity 48254K, committed 48512K, reserved 1091584K
  class space    used 6003K, capacity 6257K, committed 6272K, reserved 1048576K

